

Microchip Technology PIC Macro Assembler V1.34 build -361300703 
                                                                                                           Sat Aug 01 22:49:06 2015


     1                           
     2                           	; Microchip MPLAB XC8 C Compiler V1.34
     3                           	; Copyright (C) 1984-2015 HI-TECH Software
     4                           
     5                           	; Auto-generated runtime startup code for final link stage.
     6                           
     7                           	;
     8                           	; Compiler options:
     9                           	;
    10                           	; --chip=16F72 --ERRFORMAT \
    11                           	; C:\Users\ACER\Downloads\LCD-Interfacing\LCDInterfacing\lcd.X\main2.c
    12                           	;
    13                           
    14                           
    15                           	processor	16F72
    16                           
    17                           	global	_main,start,reset_vec
    18                           	fnroot	_main
    19                           	psect	config,class=CONFIG,delta=2,noexec
    20                           	psect	idloc,class=IDLOC,delta=2,noexec
    21                           	psect	code,class=CODE,delta=2
    22                           	psect	powerup,class=CODE,delta=2
    23                           	psect	reset_vec,class=CODE,delta=2
    24                           	psect	maintext,class=CODE,delta=2
    25  0000                     	Z	set	2
    26  0002                     	PCL	set	2
    27  0002                     	INDF	set	0
    28  0000                     
    29                           	STATUS	equ	3
    30  0003                     	PCLATH	equ	0Ah
    31  000A                     
    32                           	psect	eeprom_data,class=EEDATA,delta=2,space=3,noexec
    33                           	psect	intentry,class=CODE,delta=2
    34                           	psect	functab,class=CODE,delta=2
    35                           	global	intlevel0,intlevel1,intlevel2, intlevel3, intlevel4, intlevel5
    36                           intlevel0:
    37  0000                     intlevel1:
    38  0000                     intlevel2:
    39  0000                     intlevel3:
    40  0000                     intlevel4:
    41  0000                     intlevel5:
    42  0000                     	psect	init,class=CODE,delta=2
    43                           	psect	cinit,class=CODE,delta=2
    44                           	psect	text,class=CODE,delta=2
    45                           	psect	end_init,class=CODE,delta=2
    46                           	psect	clrtext,class=CODE,delta=2
    47                           	FSR	set	4
    48  0004                     	psect	strings,class=CODE,delta=2,reloc=256
    49                           
    50                           	global stacklo, stackhi
    51                           	stacklo	equ	0
    52  0000                     	stackhi	equ	0
    53  0000                     
    54                           
    55                           	psect	stack,class=STACK,space=2,noexec
    56                           	global ___sp,___int_sp
    57                           	___sp:
    58  0000                     	___int_sp:
    59  0000                     	psect	reset_vec
    60                           reset_vec:
    61  0000                     	; No powerup routine
    62                           	; No interrupt routine
    63                           
    64                           
    65                           	psect	init
    66                           start
    67  0000                     	psect	end_init
    68                           	global start_initialization
    69                           	ljmp start_initialization	;jump to C runtime clear & initialization
    70  0000  2FFE               
    71                           ; Config register CONFIG @ 0x2007
    72                           ;	Watchdog Timer Enable bit
    73                           ;	WDTE = OFF, WDT disabled
    74                           ;	Power-up Timer Enable bit
    75                           ;	PWRTE = OFF, PWRT disabled
    76                           ;	FLASH Program Memory Code Protection bit
    77                           ;	CP = OFF, Code protection off
    78                           ;	Brown-out Reset Enable bit
    79                           ;	BOREN = ON, BOR enabled
    80                           ;	Oscillator Selection bits
    81                           ;	FOSC = HS, HS oscillator
    82                           
    83                           	psect	config
    84                           		org 0x0
    85  2007                     		dw 0xFFFA
    86  2007  FFFA               


Microchip Technology PIC Macro Assembler V1.34 build -361300703 
Symbol Table                                                                                               Sat Aug 01 22:49:06 2015

               ___sp 0000                 _main 0760                 start 0000               stackhi 0000  
             stacklo 0000  start_initialization 07FE             ___int_sp 0000             intlevel0 0000  
           intlevel1 0000             intlevel2 0000             intlevel3 0000             intlevel4 0000  
           intlevel5 0000             reset_vec 0000  
